<?xml version="1.0" encoding="UTF-8"?>
<!-- Generated by org.testng.reporters.JUnitReportReporter -->
<testsuite hostname="CPX-ANXXTNSGFUP" name="seleniumTest.NewTest" tests="1" failures="0" timestamp="5 Mar 2019 11:11:18 GMT" time="3.217" errors="0">
  <testcase name="testEasy" time="3.217" classname="seleniumTest.NewTest"/>
</testsuite> <!-- seleniumTest.NewTest -->
