<?xml version="1.0" encoding="UTF-8"?>
<!-- Generated by org.testng.reporters.JUnitReportReporter -->
<testsuite hostname="CPX-ANXXTNSGFUP" name="example.NewTest" tests="1" failures="0" timestamp="5 Mar 2019 08:30:56 GMT" time="3.508" errors="0">
  <testcase name="testEasy" time="3.508" classname="example.NewTest"/>
</testsuite> <!-- example.NewTest -->
